[2025-03-16T14:54:31.043+0000] {taskinstance.py:1159} INFO - Dependencies all met for dep_context=non-requeueable deps ti=<TaskInstance: fetch_transaction_data_and_upload_to_hdfs.fetch_transaction_data scheduled__2025-03-15T00:00:00+00:00 [queued]>
[2025-03-16T14:54:31.062+0000] {taskinstance.py:1159} INFO - Dependencies all met for dep_context=requeueable deps ti=<TaskInstance: fetch_transaction_data_and_upload_to_hdfs.fetch_transaction_data scheduled__2025-03-15T00:00:00+00:00 [queued]>
[2025-03-16T14:54:31.063+0000] {taskinstance.py:1361} INFO - Starting attempt 1 of 2
[2025-03-16T14:54:31.090+0000] {taskinstance.py:1382} INFO - Executing <Task(PythonOperator): fetch_transaction_data> on 2025-03-15 00:00:00+00:00
[2025-03-16T14:54:31.105+0000] {standard_task_runner.py:57} INFO - Started process 2401 to run task
[2025-03-16T14:54:31.124+0000] {standard_task_runner.py:84} INFO - Running: ['***', 'tasks', 'run', 'fetch_transaction_data_and_upload_to_hdfs', 'fetch_transaction_data', 'scheduled__2025-03-15T00:00:00+00:00', '--job-id', '2', '--raw', '--subdir', 'DAGS_FOLDER/ingestion.py', '--cfg-path', '/tmp/tmp9i8_40t1']
[2025-03-16T14:54:31.139+0000] {standard_task_runner.py:85} INFO - Job 2: Subtask fetch_transaction_data
[2025-03-16T14:54:31.516+0000] {task_command.py:415} INFO - Running <TaskInstance: fetch_transaction_data_and_upload_to_hdfs.fetch_transaction_data scheduled__2025-03-15T00:00:00+00:00 [running]> on host f96d41f21333
[2025-03-16T14:54:33.713+0000] {taskinstance.py:1660} INFO - Exporting env vars: AIRFLOW_CTX_DAG_OWNER='***' AIRFLOW_CTX_DAG_ID='fetch_transaction_data_and_upload_to_hdfs' AIRFLOW_CTX_TASK_ID='fetch_transaction_data' AIRFLOW_CTX_EXECUTION_DATE='2025-03-15T00:00:00+00:00' AIRFLOW_CTX_TRY_NUMBER='1' AIRFLOW_CTX_DAG_RUN_ID='scheduled__2025-03-15T00:00:00+00:00'
[2025-03-16T14:54:33.741+0000] {taskinstance.py:1943} ERROR - Task failed with exception
Traceback (most recent call last):
  File "/home/airflow/.local/lib/python3.9/site-packages/urllib3/connection.py", line 174, in _new_conn
    conn = connection.create_connection(
  File "/home/airflow/.local/lib/python3.9/site-packages/urllib3/util/connection.py", line 95, in create_connection
    raise err
  File "/home/airflow/.local/lib/python3.9/site-packages/urllib3/util/connection.py", line 85, in create_connection
    sock.connect(sa)
ConnectionRefusedError: [Errno 111] Connection refused

During handling of the above exception, another exception occurred:

Traceback (most recent call last):
  File "/home/airflow/.local/lib/python3.9/site-packages/urllib3/connectionpool.py", line 714, in urlopen
    httplib_response = self._make_request(
  File "/home/airflow/.local/lib/python3.9/site-packages/urllib3/connectionpool.py", line 415, in _make_request
    conn.request(method, url, **httplib_request_kw)
  File "/home/airflow/.local/lib/python3.9/site-packages/urllib3/connection.py", line 244, in request
    super(HTTPConnection, self).request(method, url, body=body, headers=headers)
  File "/usr/local/lib/python3.9/http/client.py", line 1285, in request
    self._send_request(method, url, body, headers, encode_chunked)
  File "/usr/local/lib/python3.9/http/client.py", line 1331, in _send_request
    self.endheaders(body, encode_chunked=encode_chunked)
  File "/usr/local/lib/python3.9/http/client.py", line 1280, in endheaders
    self._send_output(message_body, encode_chunked=encode_chunked)
  File "/usr/local/lib/python3.9/http/client.py", line 1040, in _send_output
    self.send(msg)
  File "/usr/local/lib/python3.9/http/client.py", line 980, in send
    self.connect()
  File "/home/airflow/.local/lib/python3.9/site-packages/urllib3/connection.py", line 205, in connect
    conn = self._new_conn()
  File "/home/airflow/.local/lib/python3.9/site-packages/urllib3/connection.py", line 186, in _new_conn
    raise NewConnectionError(
urllib3.exceptions.NewConnectionError: <urllib3.connection.HTTPConnection object at 0x7fd6e798ab80>: Failed to establish a new connection: [Errno 111] Connection refused

During handling of the above exception, another exception occurred:

Traceback (most recent call last):
  File "/home/airflow/.local/lib/python3.9/site-packages/requests/adapters.py", line 486, in send
    resp = conn.urlopen(
  File "/home/airflow/.local/lib/python3.9/site-packages/urllib3/connectionpool.py", line 798, in urlopen
    retries = retries.increment(
  File "/home/airflow/.local/lib/python3.9/site-packages/urllib3/util/retry.py", line 592, in increment
    raise MaxRetryError(_pool, url, error or ResponseError(cause))
urllib3.exceptions.MaxRetryError: HTTPConnectionPool(host='localhost', port=8000): Max retries exceeded with url: /csv-data/ (Caused by NewConnectionError('<urllib3.connection.HTTPConnection object at 0x7fd6e798ab80>: Failed to establish a new connection: [Errno 111] Connection refused'))

During handling of the above exception, another exception occurred:

Traceback (most recent call last):
  File "/home/airflow/.local/lib/python3.9/site-packages/airflow/operators/python.py", line 192, in execute
    return_value = self.execute_callable()
  File "/home/airflow/.local/lib/python3.9/site-packages/airflow/operators/python.py", line 209, in execute_callable
    return self.python_callable(*self.op_args, **self.op_kwargs)
  File "/opt/airflow/dags/ingestion.py", line 18, in fetch_historical_data_from_api
    response = requests.get(api_url)
  File "/home/airflow/.local/lib/python3.9/site-packages/requests/api.py", line 73, in get
    return request("get", url, params=params, **kwargs)
  File "/home/airflow/.local/lib/python3.9/site-packages/requests/api.py", line 59, in request
    return session.request(method=method, url=url, **kwargs)
  File "/home/airflow/.local/lib/python3.9/site-packages/requests/sessions.py", line 589, in request
    resp = self.send(prep, **send_kwargs)
  File "/home/airflow/.local/lib/python3.9/site-packages/requests/sessions.py", line 703, in send
    r = adapter.send(request, **kwargs)
  File "/home/airflow/.local/lib/python3.9/site-packages/requests/adapters.py", line 519, in send
    raise ConnectionError(e, request=request)
requests.exceptions.ConnectionError: HTTPConnectionPool(host='localhost', port=8000): Max retries exceeded with url: /csv-data/ (Caused by NewConnectionError('<urllib3.connection.HTTPConnection object at 0x7fd6e798ab80>: Failed to establish a new connection: [Errno 111] Connection refused'))
[2025-03-16T14:54:33.815+0000] {taskinstance.py:1400} INFO - Marking task as UP_FOR_RETRY. dag_id=fetch_transaction_data_and_upload_to_hdfs, task_id=fetch_transaction_data, execution_date=20250315T000000, start_date=20250316T145431, end_date=20250316T145433
[2025-03-16T14:54:33.871+0000] {standard_task_runner.py:104} ERROR - Failed to execute job 2 for task fetch_transaction_data (HTTPConnectionPool(host='localhost', port=8000): Max retries exceeded with url: /csv-data/ (Caused by NewConnectionError('<urllib3.connection.HTTPConnection object at 0x7fd6e798ab80>: Failed to establish a new connection: [Errno 111] Connection refused')); 2401)
[2025-03-16T14:54:33.912+0000] {local_task_job_runner.py:228} INFO - Task exited with return code 1
[2025-03-16T14:54:33.964+0000] {taskinstance.py:2784} INFO - 0 downstream tasks scheduled from follow-on schedule check
[2025-03-16T21:03:52.456+0000] {taskinstance.py:1159} INFO - Dependencies all met for dep_context=non-requeueable deps ti=<TaskInstance: fetch_transaction_data_and_upload_to_hdfs.fetch_transaction_data scheduled__2025-03-15T00:00:00+00:00 [queued]>
[2025-03-16T21:03:52.471+0000] {taskinstance.py:1159} INFO - Dependencies all met for dep_context=requeueable deps ti=<TaskInstance: fetch_transaction_data_and_upload_to_hdfs.fetch_transaction_data scheduled__2025-03-15T00:00:00+00:00 [queued]>
[2025-03-16T21:03:52.472+0000] {taskinstance.py:1361} INFO - Starting attempt 1 of 2
[2025-03-16T21:03:52.494+0000] {taskinstance.py:1382} INFO - Executing <Task(PythonOperator): fetch_transaction_data> on 2025-03-15 00:00:00+00:00
[2025-03-16T21:03:52.503+0000] {standard_task_runner.py:57} INFO - Started process 190 to run task
[2025-03-16T21:03:52.507+0000] {standard_task_runner.py:84} INFO - Running: ['***', 'tasks', 'run', 'fetch_transaction_data_and_upload_to_hdfs', 'fetch_transaction_data', 'scheduled__2025-03-15T00:00:00+00:00', '--job-id', '3', '--raw', '--subdir', 'DAGS_FOLDER/ingestion.py', '--cfg-path', '/tmp/tmprcjn7xx3']
[2025-03-16T21:03:52.511+0000] {standard_task_runner.py:85} INFO - Job 3: Subtask fetch_transaction_data
[2025-03-16T21:03:52.598+0000] {task_command.py:415} INFO - Running <TaskInstance: fetch_transaction_data_and_upload_to_hdfs.fetch_transaction_data scheduled__2025-03-15T00:00:00+00:00 [running]> on host b1dec3657075
[2025-03-16T21:03:52.984+0000] {taskinstance.py:1660} INFO - Exporting env vars: AIRFLOW_CTX_DAG_OWNER='***' AIRFLOW_CTX_DAG_ID='fetch_transaction_data_and_upload_to_hdfs' AIRFLOW_CTX_TASK_ID='fetch_transaction_data' AIRFLOW_CTX_EXECUTION_DATE='2025-03-15T00:00:00+00:00' AIRFLOW_CTX_TRY_NUMBER='1' AIRFLOW_CTX_DAG_RUN_ID='scheduled__2025-03-15T00:00:00+00:00'
[2025-03-16T21:03:55.568+0000] {python.py:194} INFO - Done. Returned value was: /tmp/transaction_data.csv
[2025-03-16T21:03:55.596+0000] {taskinstance.py:1400} INFO - Marking task as SUCCESS. dag_id=fetch_transaction_data_and_upload_to_hdfs, task_id=fetch_transaction_data, execution_date=20250315T000000, start_date=20250316T210352, end_date=20250316T210355
[2025-03-16T21:03:55.665+0000] {local_task_job_runner.py:228} INFO - Task exited with return code 0
[2025-03-16T21:03:55.706+0000] {taskinstance.py:2784} INFO - 1 downstream tasks scheduled from follow-on schedule check
